android/app/build/intermediates/manifest_merge_blame_file/release/processReleaseMainManifest/manifest-merger-blame-release-report.txt
1<?xml version="1.0" encoding="utf-8"?>
2<manifest xmlns:android="http://schemas.android.com/apk/res/android"
3    package="com.radio.grradio"
4    android:versionCode="1"
5    android:versionName="1.0.0" >
6
7    <uses-sdk
8        android:minSdkVersion="24"
9        android:targetSdkVersion="35" />
10
11    <!-- Permissions -->
12    <uses-permission android:name="android.permission.INTERNET" />
12-->src\main\AndroidManifest.xml:5:5-67
12-->src\main\AndroidManifest.xml:5:22-64
13    <uses-permission android:name="android.permission.ACCESS_NETWORK_STATE" />
13-->src\main\AndroidManifest.xml:6:5-79
13-->src\main\AndroidManifest.xml:6:22-76
14    <uses-permission android:name="android.permission.FOREGROUND_SERVICE" />
14-->src\main\AndroidManifest.xml:7:5-77
14-->src\main\AndroidManifest.xml:7:22-74
15    <uses-permission android:name="android.permission.FOREGROUND_SERVICE_MEDIA_PLAYBACK" />
15-->src\main\AndroidManifest.xml:8:5-92
15-->src\main\AndroidManifest.xml:8:22-89
16    <uses-permission
16-->src\main\AndroidManifest.xml:9:5-10:38
17        android:name="android.permission.WRITE_EXTERNAL_STORAGE"
17-->src\main\AndroidManifest.xml:9:22-78
18        android:maxSdkVersion="32" />
18-->src\main\AndroidManifest.xml:10:9-35
19    <uses-permission
19-->src\main\AndroidManifest.xml:11:5-12:38
20        android:name="android.permission.READ_EXTERNAL_STORAGE"
20-->src\main\AndroidManifest.xml:11:22-77
21        android:maxSdkVersion="32" />
21-->src\main\AndroidManifest.xml:12:9-35
22    <uses-permission android:name="android.permission.READ_MEDIA_AUDIO" />
22-->src\main\AndroidManifest.xml:13:5-75
22-->src\main\AndroidManifest.xml:13:22-72
23    <uses-permission android:name="android.permission.WAKE_LOCK" />
23-->src\main\AndroidManifest.xml:14:5-68
23-->src\main\AndroidManifest.xml:14:22-65
24
25    <!-- Required to query activities that can process text -->
26    <queries>
26-->src\main\AndroidManifest.xml:79:5-84:15
27        <intent>
27-->src\main\AndroidManifest.xml:80:9-83:18
28            <action android:name="android.intent.action.PROCESS_TEXT" />
28-->src\main\AndroidManifest.xml:81:13-72
28-->src\main\AndroidManifest.xml:81:21-70
29
30            <data android:mimeType="text/plain" />
30-->src\main\AndroidManifest.xml:82:13-50
30-->src\main\AndroidManifest.xml:82:19-48
31        </intent>
32    </queries>
33
34    <permission
34-->[androidx.core:core:1.13.1] AndroidManifest.xml:22:5-24:47
35        android:name="com.radio.grradio.DYNAMIC_RECEIVER_NOT_EXPORTED_PERMISSION"
35-->[androidx.core:core:1.13.1] AndroidManifest.xml:23:9-81
36        android:protectionLevel="signature" />
36-->[androidx.core:core:1.13.1] AndroidManifest.xml:24:9-44
37
38    <uses-permission android:name="com.radio.grradio.DYNAMIC_RECEIVER_NOT_EXPORTED_PERMISSION" />
38-->[androidx.core:core:1.13.1] AndroidManifest.xml:26:5-97
38-->[androidx.core:core:1.13.1] AndroidManifest.xml:26:22-94
39
40    <application
41        android:name="android.app.Application"
41-->src\main\AndroidManifest.xml:18:9-42
42        android:appComponentFactory="androidx.core.app.CoreComponentFactory"
42-->[androidx.core:core:1.13.1] AndroidManifest.xml:28:18-86
43        android:extractNativeLibs="false"
44        android:icon="@mipmap/ic_launcher"
44-->src\main\AndroidManifest.xml:19:9-43
45        android:label="grradio"
45-->src\main\AndroidManifest.xml:17:9-32
46        android:networkSecurityConfig="@xml/network_security_config"
46-->src\main\AndroidManifest.xml:21:9-69
47        android:usesCleartextTraffic="true" >
47-->src\main\AndroidManifest.xml:20:9-44
48
49        <!-- Main Activity -->
50        <activity
50-->src\main\AndroidManifest.xml:24:9-50:20
51            android:name="com.radio.grradio.MainActivity"
51-->src\main\AndroidManifest.xml:25:13-41
52            android:configChanges="orientation|keyboardHidden|keyboard|screenSize|smallestScreenSize|locale|layoutDirection|fontScale|screenLayout|density|uiMode"
52-->src\main\AndroidManifest.xml:30:13-163
53            android:exported="true"
53-->src\main\AndroidManifest.xml:26:13-36
54            android:hardwareAccelerated="true"
54-->src\main\AndroidManifest.xml:31:13-47
55            android:launchMode="singleTop"
55-->src\main\AndroidManifest.xml:27:13-43
56            android:taskAffinity=""
56-->src\main\AndroidManifest.xml:28:13-36
57            android:theme="@style/LaunchTheme"
57-->src\main\AndroidManifest.xml:29:13-47
58            android:windowSoftInputMode="adjustResize" >
58-->src\main\AndroidManifest.xml:32:13-55
59
60            <!--
61                 Specifies an Android theme to apply to this Activity as soon as
62                 the Android process has started. This theme is visible to the user
63                 while the Flutter UI initializes. After that, this theme continues
64                 to determine the Window background behind the Flutter UI.
65            -->
66            <meta-data
66-->src\main\AndroidManifest.xml:38:13-40:57
67                android:name="io.flutter.embedding.android.NormalTheme"
67-->src\main\AndroidManifest.xml:39:17-72
68                android:resource="@style/NormalTheme" />
68-->src\main\AndroidManifest.xml:40:17-54
69
70            <intent-filter>
70-->src\main\AndroidManifest.xml:42:13-45:29
71                <action android:name="android.intent.action.MAIN" />
71-->src\main\AndroidManifest.xml:43:17-68
71-->src\main\AndroidManifest.xml:43:25-66
72
73                <category android:name="android.intent.category.LAUNCHER" />
73-->src\main\AndroidManifest.xml:44:17-76
73-->src\main\AndroidManifest.xml:44:27-74
74            </intent-filter>
75            <intent-filter>
75-->src\main\AndroidManifest.xml:47:13-49:29
76                <action android:name="android.intent.action.MEDIA_BUTTON" />
76-->src\main\AndroidManifest.xml:48:17-77
76-->src\main\AndroidManifest.xml:48:25-74
77            </intent-filter>
78        </activity>
79
80        <!-- Audio Service -->
81        <service
81-->src\main\AndroidManifest.xml:53:9-61:19
82            android:name="com.ryanheise.audioservice.AudioService"
82-->src\main\AndroidManifest.xml:54:13-67
83            android:exported="true"
83-->src\main\AndroidManifest.xml:56:13-36
84            android:foregroundServiceType="mediaPlayback" >
84-->src\main\AndroidManifest.xml:55:13-58
85            <intent-filter>
85-->src\main\AndroidManifest.xml:58:13-60:29
86                <action android:name="android.media.browse.MediaBrowserService" />
86-->src\main\AndroidManifest.xml:59:17-83
86-->src\main\AndroidManifest.xml:59:25-80
87            </intent-filter>
88        </service>
89
90        <!-- Receiver for media button events -->
91        <receiver
91-->src\main\AndroidManifest.xml:64:9-70:20
92            android:name="com.ryanheise.audioservice.MediaButtonReceiver"
92-->src\main\AndroidManifest.xml:65:13-74
93            android:exported="true" >
93-->src\main\AndroidManifest.xml:66:13-36
94            <intent-filter>
94-->src\main\AndroidManifest.xml:47:13-49:29
95                <action android:name="android.intent.action.MEDIA_BUTTON" />
95-->src\main\AndroidManifest.xml:48:17-77
95-->src\main\AndroidManifest.xml:48:25-74
96            </intent-filter>
97        </receiver>
98
99        <!-- Flutter metadata -->
100        <meta-data
100-->src\main\AndroidManifest.xml:73:9-75:33
101            android:name="flutterEmbedding"
101-->src\main\AndroidManifest.xml:74:13-44
102            android:value="2" />
102-->src\main\AndroidManifest.xml:75:13-30
103
104        <uses-library
104-->[androidx.window:window:1.2.0] AndroidManifest.xml:23:9-25:40
105            android:name="androidx.window.extensions"
105-->[androidx.window:window:1.2.0] AndroidManifest.xml:24:13-54
106            android:required="false" />
106-->[androidx.window:window:1.2.0] AndroidManifest.xml:25:13-37
107        <uses-library
107-->[androidx.window:window:1.2.0] AndroidManifest.xml:26:9-28:40
108            android:name="androidx.window.sidecar"
108-->[androidx.window:window:1.2.0] AndroidManifest.xml:27:13-51
109            android:required="false" />
109-->[androidx.window:window:1.2.0] AndroidManifest.xml:28:13-37
110
111        <provider
111-->[androidx.lifecycle:lifecycle-process:2.7.0] AndroidManifest.xml:24:9-32:20
112            android:name="androidx.startup.InitializationProvider"
112-->[androidx.lifecycle:lifecycle-process:2.7.0] AndroidManifest.xml:25:13-67
113            android:authorities="com.radio.grradio.androidx-startup"
113-->[androidx.lifecycle:lifecycle-process:2.7.0] AndroidManifest.xml:26:13-68
114            android:exported="false" >
114-->[androidx.lifecycle:lifecycle-process:2.7.0] AndroidManifest.xml:27:13-37
115            <meta-data
115-->[androidx.lifecycle:lifecycle-process:2.7.0] AndroidManifest.xml:29:13-31:52
116                android:name="androidx.lifecycle.ProcessLifecycleInitializer"
116-->[androidx.lifecycle:lifecycle-process:2.7.0] AndroidManifest.xml:30:17-78
117                android:value="androidx.startup" />
117-->[androidx.lifecycle:lifecycle-process:2.7.0] AndroidManifest.xml:31:17-49
118            <meta-data
118-->[androidx.profileinstaller:profileinstaller:1.3.1] AndroidManifest.xml:29:13-31:52
119                android:name="androidx.profileinstaller.ProfileInstallerInitializer"
119-->[androidx.profileinstaller:profileinstaller:1.3.1] AndroidManifest.xml:30:17-85
120                android:value="androidx.startup" />
120-->[androidx.profileinstaller:profileinstaller:1.3.1] AndroidManifest.xml:31:17-49
121        </provider>
122
123        <receiver
123-->[androidx.profileinstaller:profileinstaller:1.3.1] AndroidManifest.xml:34:9-52:20
124            android:name="androidx.profileinstaller.ProfileInstallReceiver"
124-->[androidx.profileinstaller:profileinstaller:1.3.1] AndroidManifest.xml:35:13-76
125            android:directBootAware="false"
125-->[androidx.profileinstaller:profileinstaller:1.3.1] AndroidManifest.xml:36:13-44
126            android:enabled="true"
126-->[androidx.profileinstaller:profileinstaller:1.3.1] AndroidManifest.xml:37:13-35
127            android:exported="true"
127-->[androidx.profileinstaller:profileinstaller:1.3.1] AndroidManifest.xml:38:13-36
128            android:permission="android.permission.DUMP" >
128-->[androidx.profileinstaller:profileinstaller:1.3.1] AndroidManifest.xml:39:13-57
129            <intent-filter>
129-->[androidx.profileinstaller:profileinstaller:1.3.1] AndroidManifest.xml:40:13-42:29
130                <action android:name="androidx.profileinstaller.action.INSTALL_PROFILE" />
130-->[androidx.profileinstaller:profileinstaller:1.3.1] AndroidManifest.xml:41:17-91
130-->[androidx.profileinstaller:profileinstaller:1.3.1] AndroidManifest.xml:41:25-88
131            </intent-filter>
132            <intent-filter>
132-->[androidx.profileinstaller:profileinstaller:1.3.1] AndroidManifest.xml:43:13-45:29
133                <action android:name="androidx.profileinstaller.action.SKIP_FILE" />
133-->[androidx.profileinstaller:profileinstaller:1.3.1] AndroidManifest.xml:44:17-85
133-->[androidx.profileinstaller:profileinstaller:1.3.1] AndroidManifest.xml:44:25-82
134            </intent-filter>
135            <intent-filter>
135-->[androidx.profileinstaller:profileinstaller:1.3.1] AndroidManifest.xml:46:13-48:29
136                <action android:name="androidx.profileinstaller.action.SAVE_PROFILE" />
136-->[androidx.profileinstaller:profileinstaller:1.3.1] AndroidManifest.xml:47:17-88
136-->[androidx.profileinstaller:profileinstaller:1.3.1] AndroidManifest.xml:47:25-85
137            </intent-filter>
138            <intent-filter>
138-->[androidx.profileinstaller:profileinstaller:1.3.1] AndroidManifest.xml:49:13-51:29
139                <action android:name="androidx.profileinstaller.action.BENCHMARK_OPERATION" />
139-->[androidx.profileinstaller:profileinstaller:1.3.1] AndroidManifest.xml:50:17-95
139-->[androidx.profileinstaller:profileinstaller:1.3.1] AndroidManifest.xml:50:25-92
140            </intent-filter>
141        </receiver>
142    </application>
143
144</manifest>